[translation:info] 2.7.6 (3cf384e86ef7, Aug 23 2014, 02:54:27)
[translation:info] [PyPy 2.4.0-alpha0 with GCC 4.8.2 20131219 (prerelease)]
[platform:msg] Set platform with 'host' cc=None, using cc='gcc'
[translation:info] Translating target as defined by targetpypystandalone
[platform:execute] gcc -c -O3 -pthread -fomit-frame-pointer -Wall -Wno-unused /tmp/usession-default-5/gcctest.c -o /tmp/usession-default-5/gcctest.o
[platform:execute] gcc -c -O3 -pthread -fomit-frame-pointer -Wall -Wno-unused /tmp/usession-default-5/gcctest.c -o /tmp/usession-default-5/gcctest.o
[platform:execute] gcc /tmp/usession-default-5/gcctest.o -pthread -lrt -o /tmp/usession-default-5/gcctest
[platform:execute] gcc -c -O3 -pthread -fomit-frame-pointer -Wall -Wno-unused -I/pypy-sandbox/src/pypy/rpython/translator/c /tmp/usession-default-5/platcheck_0.c -o /tmp/usession-default-5/platcheck_0.o
[platform:execute] gcc -c -O3 -pthread -fomit-frame-pointer -Wall -Wno-unused -I/pypy-sandbox/src/pypy/rpython/translator/c /pypy-sandbox/src/pypy/rpython/translator/c/src/thread.c -o /tmp/usession-default-5/rpython/translator/c/src/thread.o
[platform:execute] gcc /tmp/usession-default-5/platcheck_0.o /tmp/usession-default-5/rpython/translator/c/src/thread.o -pthread -Wl,--export-dynamic,--version-script=/tmp/usession-default-5/dynamic-symbols-0 -lrt -o /tmp/usession-default-5/platcheck_0
[platform:execute] gcc -c -O3 -pthread -fomit-frame-pointer -Wall -Wno-unused /tmp/usession-default-5/platcheck_1.c -o /tmp/usession-default-5/platcheck_1.o
[platform:execute] gcc /tmp/usession-default-5/platcheck_1.o -pthread -lrt -o /tmp/usession-default-5/platcheck_1
[platform:execute] gcc -c -O3 -pthread -fomit-frame-pointer -Wall -Wno-unused /tmp/usession-default-5/platcheck_2.c -o /tmp/usession-default-5/platcheck_2.o
[platform:execute] gcc /tmp/usession-default-5/platcheck_2.o -pthread -lrt -o /tmp/usession-default-5/platcheck_2
[platform:execute] gcc -c -O3 -pthread -fomit-frame-pointer -Wall -Wno-unused /tmp/usession-default-5/platcheck_3.c -o /tmp/usession-default-5/platcheck_3.o
[platform:execute] gcc /tmp/usession-default-5/platcheck_3.o -pthread -lrt -o /tmp/usession-default-5/platcheck_3
[platform:execute] gcc -c -O3 -pthread -fomit-frame-pointer -Wall -Wno-unused /tmp/usession-default-5/platcheck_4.c -o /tmp/usession-default-5/platcheck_4.o
[platform:execute] gcc /tmp/usession-default-5/platcheck_4.o -pthread -lintl -lrt -o /tmp/usession-default-5/platcheck_4
[platform:execute] gcc -c -O3 -pthread -fomit-frame-pointer -Wall -Wno-unused /tmp/usession-default-5/platcheck_5.c -o /tmp/usession-default-5/platcheck_5.o
[platform:execute] gcc /tmp/usession-default-5/platcheck_5.o -pthread -lrt -o /tmp/usession-default-5/platcheck_5
[platform:execute] gcc -c -O3 -pthread -fomit-frame-pointer -Wall -Wno-unused /tmp/usession-default-5/platcheck_6.c -o /tmp/usession-default-5/platcheck_6.o
[platform:execute] gcc /tmp/usession-default-5/platcheck_6.o -pthread -lrt -o /tmp/usession-default-5/platcheck_6
[platform:execute] gcc -c -O3 -pthread -fomit-frame-pointer -Wall -Wno-unused /tmp/usession-default-5/platcheck_7.c -o /tmp/usession-default-5/platcheck_7.o
[platform:execute] gcc /tmp/usession-default-5/platcheck_7.o -pthread -lrt -o /tmp/usession-default-5/platcheck_7
[platform:execute] gcc -c -O3 -pthread -fomit-frame-pointer -Wall -Wno-unused /tmp/usession-default-5/platcheck_8.c -o /tmp/usession-default-5/platcheck_8.o
[platform:execute] gcc /tmp/usession-default-5/platcheck_8.o -pthread -lrt -o /tmp/usession-default-5/platcheck_8
[translation] PyPy config object:
[translation] [objspace]
[translation]     lonepycfiles = False
[translation]     [std]
[translation]         getattributeshortcut = True
[translation]         intshortcut = True
[translation]         optimized_list_getitem = True
[translation]         withidentitydict = True
[translation]         withmethodcache = True
[translation]         withprebuiltchar = True
[translation]         withrangelist = True
[translation]         withspecialisedtuple = True
[translation]         withtypeversion = True
[translation]     [usemodules]
[translation]         __pypy__ = True
[translation]         _ast = True
[translation]         _cffi_backend = True
[translation]         _codecs = True
[translation]         _io = True
[translation]         _pickle_support = True
[translation]         _random = True
[translation]         _sre = True
[translation]         _testing = True
[translation]         _weakref = True
[translation]         binascii = True
[translation]         cmath = True
[translation]         errno = True
[translation]         gc = True
[translation]         imp = True
[translation]         marshal = True
[translation]         math = True
[translation]         mmap = True
[translation]         operator = True
[translation]         parser = True
[translation]         signal = True
[translation]         struct = True
[translation]         symbol = True
[translation]         time = True
[translation]         token = True
[translation]     usepycfiles = False
Wrote /pypy-sandbox/src/pypy/lib_pypy/ctypes_config_cache/_resource_32_.py.
Wrote /pypy-sandbox/src/pypy/lib_pypy/ctypes_config_cache/_locale_32_.py.
[platform:execute] gcc -c -O3 -pthread -fomit-frame-pointer -Wall -Wno-unused /tmp/usession-default-5/platcheck_9.c -o /tmp/usession-default-5/platcheck_9.o
[platform:execute] gcc /tmp/usession-default-5/platcheck_9.o -pthread -lrt -o /tmp/usession-default-5/platcheck_9
[platform:execute] gcc -c -O3 -pthread -fomit-frame-pointer -Wall -Wno-unused /tmp/usession-default-5/platcheck_10.c -o /tmp/usession-default-5/platcheck_10.o
[platform:execute] gcc -c -O3 -pthread -fomit-frame-pointer -Wall -Wno-unused /tmp/usession-default-5/platcheck_11.c -o /tmp/usession-default-5/platcheck_11.o
[platform:execute] gcc -c -O3 -pthread -fomit-frame-pointer -Wall -Wno-unused /tmp/usession-default-5/platcheck_12.c -o /tmp/usession-default-5/platcheck_12.o
[platform:execute] gcc /tmp/usession-default-5/platcheck_12.o -pthread -lrt -o /tmp/usession-default-5/platcheck_12
[platform:execute] gcc -c -O3 -pthread -fomit-frame-pointer -Wall -Wno-unused /tmp/usession-default-5/platcheck_13.c -o /tmp/usession-default-5/platcheck_13.o
[platform:execute] gcc /tmp/usession-default-5/platcheck_13.o -pthread -lrt -o /tmp/usession-default-5/platcheck_13
[platform:execute] gcc -c -O3 -pthread -fomit-frame-pointer -Wall -Wno-unused /tmp/usession-default-5/platcheck_14.c -o /tmp/usession-default-5/platcheck_14.o
[platform:execute] gcc /tmp/usession-default-5/platcheck_14.o -pthread -lrt -o /tmp/usession-default-5/platcheck_14
[platform:execute] gcc -c -O3 -pthread -fomit-frame-pointer -Wall -Wno-unused /tmp/usession-default-5/platcheck_15.c -o /tmp/usession-default-5/platcheck_15.o
[platform:execute] gcc /tmp/usession-default-5/platcheck_15.o -pthread -lrt -o /tmp/usession-default-5/platcheck_15
[platform:execute] gcc -c -O3 -pthread -fomit-frame-pointer -Wall -Wno-unused /tmp/usession-default-5/platcheck_16.c -o /tmp/usession-default-5/platcheck_16.o
[platform:execute] gcc /tmp/usession-default-5/platcheck_16.o -pthread -lrt -o /tmp/usession-default-5/platcheck_16
[platform:execute] gcc -c -O3 -pthread -fomit-frame-pointer -Wall -Wno-unused /tmp/usession-default-5/platcheck_17.c -o /tmp/usession-default-5/platcheck_17.o
[platform:execute] gcc -c -O3 -pthread -fomit-frame-pointer -Wall -Wno-unused /tmp/usession-default-5/platcheck_18.c -o /tmp/usession-default-5/platcheck_18.o
[platform:execute] gcc /tmp/usession-default-5/platcheck_18.o -pthread -lrt -o /tmp/usession-default-5/platcheck_18
[platform:execute] gcc -c -O3 -pthread -fomit-frame-pointer -Wall -Wno-unused /tmp/usession-default-5/platcheck_19.c -o /tmp/usession-default-5/platcheck_19.o
[platform:execute] gcc /tmp/usession-default-5/platcheck_19.o -pthread -lrt -o /tmp/usession-default-5/platcheck_19
[platform:execute] gcc -c -O3 -pthread -fomit-frame-pointer -Wall -Wno-unused /tmp/usession-default-5/platcheck_20.c -o /tmp/usession-default-5/platcheck_20.o
[platform:execute] gcc /tmp/usession-default-5/platcheck_20.o -pthread -lrt -o /tmp/usession-default-5/platcheck_20
[platform:execute] gcc -c -O3 -pthread -fomit-frame-pointer -Wall -Wno-unused /tmp/usession-default-5/platcheck_21.c -o /tmp/usession-default-5/platcheck_21.o
[platform:execute] gcc /tmp/usession-default-5/platcheck_21.o -pthread -lrt -o /tmp/usession-default-5/platcheck_21
[platform:execute] gcc -c -O3 -pthread -fomit-frame-pointer -Wall -Wno-unused /tmp/usession-default-5/platcheck_22.c -o /tmp/usession-default-5/platcheck_22.o
[platform:execute] gcc /tmp/usession-default-5/platcheck_22.o -pthread -lrt -lrt -o /tmp/usession-default-5/platcheck_22
[platform:execute] gcc -c -O3 -pthread -fomit-frame-pointer -Wall -Wno-unused /tmp/usession-default-5/platcheck_23.c -o /tmp/usession-default-5/platcheck_23.o
[platform:execute] gcc /tmp/usession-default-5/platcheck_23.o -pthread -lrt -lrt -o /tmp/usession-default-5/platcheck_23
[platform:execute] gcc -c -O3 -pthread -fomit-frame-pointer -Wall -Wno-unused /tmp/usession-default-5/platcheck_24.c -o /tmp/usession-default-5/platcheck_24.o
[platform:execute] gcc /tmp/usession-default-5/platcheck_24.o -pthread -lrt -lrt -o /tmp/usession-default-5/platcheck_24
[platform:execute] gcc -c -O3 -pthread -fomit-frame-pointer -Wall -Wno-unused -I/pypy-sandbox/src/pypy/rpython/translator/c /tmp/usession-default-5/platcheck_26.c -o /tmp/usession-default-5/platcheck_26.o
[platform:execute] gcc -c -O3 -pthread -fomit-frame-pointer -Wall -Wno-unused -I/pypy-sandbox/src/pypy/rpython/translator/c /pypy-sandbox/src/pypy/rpython/translator/c/src/signals.c -o /tmp/usession-default-5/rpython/translator/c/src/signals.o
[platform:execute] gcc /tmp/usession-default-5/platcheck_26.o /tmp/usession-default-5/rpython/translator/c/src/signals.o -pthread -Wl,--export-dynamic,--version-script=/tmp/usession-default-5/dynamic-symbols-1 -lrt -o /tmp/usession-default-5/platcheck_26
[platform:execute] gcc -c -O3 -pthread -fomit-frame-pointer -Wall -Wno-unused /tmp/usession-default-5/platcheck_27.c -o /tmp/usession-default-5/platcheck_27.o
[platform:execute] gcc /tmp/usession-default-5/platcheck_27.o -pthread -ldl -lrt -o /tmp/usession-default-5/platcheck_27
[platform:execute] gcc -c -O3 -pthread -fomit-frame-pointer -Wall -Wno-unused /tmp/usession-default-5/platcheck_28.c -o /tmp/usession-default-5/platcheck_28.o
[platform:execute] gcc /tmp/usession-default-5/platcheck_28.o -pthread -lrt -o /tmp/usession-default-5/platcheck_28
[platform:execute] gcc -c -O3 -pthread -fomit-frame-pointer -Wall -Wno-unused /tmp/usession-default-5/platcheck_29.c -o /tmp/usession-default-5/platcheck_29.o
[platform:execute] gcc /tmp/usession-default-5/platcheck_29.o -pthread -lrt -o /tmp/usession-default-5/platcheck_29
[platform:execute] gcc -c -O3 -pthread -fomit-frame-pointer -Wall -Wno-unused /tmp/usession-default-5/platcheck_30.c -o /tmp/usession-default-5/platcheck_30.o
[platform:execute] gcc /tmp/usession-default-5/platcheck_30.o -pthread -lrt -o /tmp/usession-default-5/platcheck_30
[platform:execute] gcc -c -O3 -pthread -fomit-frame-pointer -Wall -Wno-unused /tmp/usession-default-5/platcheck_31.c -o /tmp/usession-default-5/platcheck_31.o
[platform:execute] gcc /tmp/usession-default-5/platcheck_31.o -pthread -lrt -o /tmp/usession-default-5/platcheck_31
[platform:execute] gcc -c -O3 -pthread -fomit-frame-pointer -Wall -Wno-unused -I/usr/lib/libffi-3.1/include /tmp/usession-default-5/platcheck_32.c -o /tmp/usession-default-5/platcheck_32.o
[platform:execute] gcc /tmp/usession-default-5/platcheck_32.o -pthread -lffi -lrt -o /tmp/usession-default-5/platcheck_32
[platform:execute] gcc -c -O3 -pthread -fomit-frame-pointer -Wall -Wno-unused /tmp/usession-default-5/platcheck_33.c -o /tmp/usession-default-5/platcheck_33.o
[platform:execute] gcc /tmp/usession-default-5/platcheck_33.o -pthread -lrt -o /tmp/usession-default-5/platcheck_33
[platform:execute] gcc -c -O3 -pthread -fomit-frame-pointer -Wall -Wno-unused -fPIC -I/pypy-sandbox/src/pypy/rpython/translator/c /pypy-sandbox/src/pypy/rpython/translator/c/src/signals.c -o /tmp/usession-default-5/rpython/translator/c/src/signals.o
[platform:execute] gcc -shared /tmp/usession-default-5/rpython/translator/c/src/signals.o -pthread -Wl,--export-dynamic,--version-script=/tmp/usession-default-5/dynamic-symbols-2 -lrt -o /tmp/usession-default-5/shared_cache/externmod.so
[translation] translate.py configuration:
[translation] [translate]
[translation]     opt = 2
[translation]     targetspec = targetpypystandalone
[translation] translation configuration:
[translation] [translation]
[translation]     check_str_without_nul = True
[translation]     gc = generation
[translation]     gcrootfinder = shadowstack
[translation]     gctransformer = framework
[translation]     list_comprehension_operations = True
[translation]     rweakref = True
[translation]     sandbox = True
[translation]     thread = False
[translation]     withsmallfuncsets = 5
[translation:info] Annotating&simplifying...
[23b3] {translation-task
starting annotate
[translation:info] with policy: pypy.tool.ann_override.PyPyAnnotatorPolicy
[platform:execute] gcc -c -O3 -pthread -fomit-frame-pointer -Wall -Wno-unused /tmp/usession-default-5/platcheck_34.c -o /tmp/usession-default-5/platcheck_34.o
[platform:execute] gcc /tmp/usession-default-5/platcheck_34.o -pthread -lrt -o /tmp/usession-default-5/platcheck_34
[platform:execute] gcc -c -O3 -pthread -fomit-frame-pointer -Wall -Wno-unused /tmp/usession-default-5/platcheck_35.c -o /tmp/usession-default-5/platcheck_35.o
[platform:execute] gcc /tmp/usession-default-5/platcheck_35.o -pthread -lrt -o /tmp/usession-default-5/platcheck_35
[platform:execute] gcc -c -O3 -pthread -fomit-frame-pointer -Wall -Wno-unused /tmp/usession-default-5/platcheck_36.c -o /tmp/usession-default-5/platcheck_36.o
[platform:execute] gcc /tmp/usession-default-5/platcheck_36.o -pthread -lrt -o /tmp/usession-default-5/platcheck_36
[platform:execute] gcc -c -O3 -pthread -fomit-frame-pointer -Wall -Wno-unused /tmp/usession-default-5/platcheck_37.c -o /tmp/usession-default-5/platcheck_37.o
[platform:execute] gcc /tmp/usession-default-5/platcheck_37.o -pthread -lrt -o /tmp/usession-default-5/platcheck_37
[platform:execute] gcc -c -O3 -pthread -fomit-frame-pointer -Wall -Wno-unused /tmp/usession-default-5/platcheck_38.c -o /tmp/usession-default-5/platcheck_38.o
[platform:execute] gcc /tmp/usession-default-5/platcheck_38.o -pthread -lrt -o /tmp/usession-default-5/platcheck_38
[platform:execute] gcc -c -O3 -pthread -fomit-frame-pointer -Wall -Wno-unused /tmp/usession-default-5/platcheck_39.c -o /tmp/usession-default-5/platcheck_39.o
[platform:execute] gcc /tmp/usession-default-5/platcheck_39.o -pthread -lz -lrt -o /tmp/usession-default-5/platcheck_39
[platform:execute] gcc -c -O3 -pthread -fomit-frame-pointer -Wall -Wno-unused /tmp/usession-default-5/platcheck_40.c -o /tmp/usession-default-5/platcheck_40.o
[platform:execute] gcc /tmp/usession-default-5/platcheck_40.o -pthread -lz -lrt -o /tmp/usession-default-5/platcheck_40
[platform:execute] gcc -c -O3 -pthread -fomit-frame-pointer -Wall -Wno-unused /tmp/usession-default-5/platcheck_41.c -o /tmp/usession-default-5/platcheck_41.o
[platform:execute] gcc /tmp/usession-default-5/platcheck_41.o -pthread -lz -lrt -o /tmp/usession-default-5/platcheck_41
[platform:execute] gcc -c -O3 -pthread -fomit-frame-pointer -Wall -Wno-unused /tmp/usession-default-5/gcctest.c -o /tmp/usession-default-5/gcctest.o
[platform:execute] gcc /tmp/usession-default-5/gcctest.o -pthread -lrt -o /tmp/usession-default-5/gcctest
[36e2a] translation-task}
[translation:info] RTyping...
[36e2b] {translation-task
starting rtype_lltype
[rtyper:WARNING] SomeString(can_be_None=True) can be null, but forcing non-null in dict key
[rtyper:WARNING] SomeInstance(can_be_None=True, classdef=pypy.interpreter.baseobjspace.W_Root) can be null, but forcing non-null in dict value
[rtyper:WARNING] SomeInstance(can_be_None=True, classdef=pypy.interpreter.baseobjspace.W_Root) can be null, but forcing non-null in dict key
[rtyper:WARNING] SomePBC(can_be_None=True, const=None, subset_of=None) can be null, but forcing non-null in dict value
[rtyper:WARNING] SomeUnicodeString() can be null, but forcing non-null in dict key
[rtyper:WARNING] SomeInstance(can_be_None=True, classdef=pypy.interpreter.baseobjspace.W_Root) can be null, but forcing non-null in dict value
[rtyper:WARNING] SomeInstance(can_be_None=True, classdef=pypy.interpreter.baseobjspace.W_Root) can be null, but forcing non-null in dict key
[rtyper:WARNING] SomeInstance(can_be_None=True, classdef=pypy.interpreter.baseobjspace.W_Root) can be null, but forcing non-null in dict value
[rtyper] specializing: 4400 / 86337 blocks   (5%)
[rtyper:WARNING] SomeInstance(can_be_None=True, classdef=pypy.interpreter.baseobjspace.W_Root) can be null, but forcing non-null in dict key
[rtyper:WARNING] SomeInstance(can_be_None=True, classdef=pypy.interpreter.baseobjspace.W_Root) can be null, but forcing non-null in dict value
[rtyper] specializing: 8900 / 88057 blocks   (10%)
[rtyper] specializing: 13400 / 89146 blocks   (15%)
[rtyper] specializing: 18100 / 90110 blocks   (20%)
[rtyper] specializing: 22700 / 90636 blocks   (25%)
[rtyper] specializing: 27500 / 91585 blocks   (30%)
[rtyper] specializing: 32300 / 92001 blocks   (35%)
[rtyper] specializing: 37000 / 92406 blocks   (40%)
[rtyper] specializing: 41800 / 92794 blocks   (45%)
[rtyper] specializing: 46600 / 93061 blocks   (50%)
[rtyper] specializing: 51500 / 93599 blocks   (55%)
[rtyper] specializing: 56400 / 93845 blocks   (60%)
[rtyper] specializing: 61300 / 94276 blocks   (65%)
[rtyper] specializing: 66300 / 94614 blocks   (70%)
[rtyper] specializing: 71300 / 94958 blocks   (75%)
[rtyper] specializing: 76200 / 95145 blocks   (80%)
[rtyper] specializing: 81100 / 95300 blocks   (85%)
[rtyper] specializing: 82900 / 95339 blocks   (86%)
[rtyper] specializing: 86800 / 95349 blocks   (91%)
[rtyper] specializing: 91600 / 95349 blocks   (96%)
[rtyper] -=- specialized 95349 blocks -=-
[rtyper] specializing: 95400 / 97701 blocks   (97%)
[rtyper] specializing: 97800 / 98015 blocks   (99%)
[rtyper] -=- specialized 2666 more blocks -=-
[rtyper] -=- specialized 0 more blocks -=-
[rtyper] -=- specialized 5 more blocks -=-
[76039] translation-task}
[translation:info] lltype back-end optimisations...
[76039] {translation-task
starting backendopt_lltype
[backendopt:inlining] phase with threshold factor: 32.4
[backendopt:inlining] heuristic: rpython.translator.backendopt.inline.inlining_heuristic
[backendopt:inlining] inlined 60564 callsites.
[backendopt:malloc] starting malloc removal
[backendopt:malloc] removed 5667 simple mallocs in total
[backendopt:mergeifblocks] starting to merge if blocks
[backendopt:mergeifblocks:WARNING] unreachable code with value u'\\' in graph (rpython.rlib.runicode:1310)unicode_escape
[backendopt:mergeifblocks:WARNING] unreachable code with value 0 in graph (pypy.module.mmap.interp_mmap:162)W_MMap.descr_getitem
[backendopt:mergeifblocks:WARNING] unreachable code with value 4 in graph (pypy.module._cffi_backend.misc:73)write_raw_unsigned_data__r_ulonglong
[backendopt:mergeifblocks:WARNING] unreachable code with value 4 in graph (pypy.module._cffi_backend.ctypeprim:180)W_CTypePrimitiveSigned.convert_to_object
[backendopt:mergeifblocks:WARNING] unreachable code with value 4 in graph (pypy.module._cffi_backend.misc:81)write_raw_signed_data__r_ulonglong
[backendopt:mergeifblocks:WARNING] unreachable code with value 4 in graph (pypy.module._cffi_backend.ctypeprim:270)W_CTypePrimitiveUnsigned.convert_to_object
[backendopt:mergeifblocks:WARNING] unreachable code with value 4 in graph (pypy.module._cffi_backend.misc:39)read_raw_long_data
[backendopt:mergeifblocks:WARNING] unreachable code with value 4 in graph (pypy.module._cffi_backend.misc:33)read_raw_signed_data
[backendopt:mergeifblocks:WARNING] unreachable code with value 4 in graph (pypy.module._cffi_backend.misc:46)read_raw_unsigned_data
[backendopt:mergeifblocks:WARNING] unreachable code with value 4 in graph (pypy.module._cffi_backend.misc:52)read_raw_ulong_data
[backendopt:mergeifblocks:WARNING] unreachable code with value 4 in graph (pypy.module._cffi_backend.ctypeenum:49)W_CTypeEnumSigned.string
[backendopt:mergeifblocks:WARNING] unreachable code with value 4 in graph (pypy.module._cffi_backend.ctypeenum:40)W_CTypeEnumSigned.extra_repr
[backendopt:mergeifblocks:WARNING] unreachable code with value 4 in graph (pypy.module._cffi_backend.ctypeenum:65)W_CTypeEnumSigned._get_value
[backendopt:mergeifblocks:WARNING] unreachable code with value 4 in graph (pypy.module._cffi_backend.ctypeenum:49)W_CTypeEnumSigned.string
[backendopt:mergeifblocks:WARNING] unreachable code with value 4 in graph (pypy.module._cffi_backend.misc:73)write_raw_unsigned_data__r_uint
[backendopt:mergeifblocks:WARNING] unreachable code with value 4 in graph (pypy.module._cffi_backend.ctypeenum:77)W_CTypeEnumUnsigned._get_value
[backendopt:mergeifblocks:WARNING] unreachable code with value 4 in graph (pypy.module._cffi_backend.misc:81)write_raw_signed_data__r_longlong
[backendopt:mergeifblocks:WARNING] unreachable code with value 4 in graph (pypy.module._cffi_backend.ctypeenum:40)W_CTypeEnumSigned.extra_repr
[backendopt:mergeifblocks:WARNING] unreachable code with value 4 in graph (pypy.module._cffi_backend.misc:337)pack_list_to_raw_array_bounds
[backendopt:mergeifblocks:WARNING] unreachable code with value 4 in graph (pypy.module._cffi_backend.misc:356)unpack_list_from_raw_array
[backendopt:mergeifblocks:WARNING] unreachable code with value 4 in graph (pypy.module._cffi_backend.misc:365)unpack_unsigned_list_from_raw_array
[backendopt:mergeifblocks:WARNING] unreachable code with value 4 in graph (pypy.module._cffi_backend.ctypestruct:237)W_CField.convert_bitfield_to_object
[backendopt:mergeifblocks:WARNING] unreachable code with value 4 in graph (pypy.module._cffi_backend.ctypestruct:237)W_CField.convert_bitfield_to_object
[backendopt:mergeifblocks:WARNING] unreachable code with value 4 in graph (pypy.module._cffi_backend.misc:81)write_raw_signed_data__int
[9285d] translation-task}
[translation:info] inserting stack checks...
[9285e] {translation-task
starting stackcheckinsertion_lltype
[rtyper] -=- specialized 7 more blocks -=-
[translation:info] inserted 1665 stack checks.
[a0564] translation-task}
[translation:info] Creating database for generating c source...
[a0565] {translation-task
starting database_c
[rtyper] -=- specialized 21 more blocks -=-
[rtyper:WARNING] prebuilt instance <rpython.memory.gctypelayout.GCData object at 0x32283b10> has no attribute 'root_stack_top'
[rtyper:WARNING] prebuilt instance <rpython.memory.gc.generation.GenerationGC object at 0x322837f0> has no attribute '_ll_typeid_map'
[rtyper:WARNING] prebuilt instance <rpython.memory.gc.generation.GenerationGC object at 0x322837f0> has no attribute 'top_of_space'
[rtyper:WARNING] prebuilt instance <rpython.memory.gc.generation.GenerationGC object at 0x322837f0> has no attribute 'red_zone'
[rtyper:WARNING] prebuilt instance <rpython.memory.gc.generation.GenerationGC object at 0x322837f0> has no attribute 'total_collection_count'
[rtyper:WARNING] prebuilt instance <rpython.memory.gc.generation.GenerationGC object at 0x322837f0> has no attribute '_debug_pending'
[rtyper:WARNING] prebuilt instance <rpython.memory.gc.generation.GenerationGC object at 0x322837f0> has no attribute 'space_size'
[rtyper:WARNING] prebuilt instance <rpython.memory.gc.generation.GenerationGC object at 0x322837f0> has no attribute 'max_space_size'
[rtyper:WARNING] prebuilt instance <rpython.memory.gc.generation.GenerationGC object at 0x322837f0> has no attribute 'objects_with_weakrefs'
[rtyper:WARNING] prebuilt instance <rpython.memory.gc.generation.GenerationGC object at 0x322837f0> has no attribute '_list_rpy'
[rtyper:WARNING] prebuilt instance <rpython.memory.gc.generation.GenerationGC object at 0x322837f0> has no attribute 'nursery_scale'
[rtyper:WARNING] prebuilt instance <rpython.memory.gc.generation.GenerationGC object at 0x322837f0> has no attribute 'objects_with_light_finalizers'
[rtyper:WARNING] prebuilt instance <rpython.memory.gc.generation.GenerationGC object at 0x322837f0> has no attribute 'last_generation_root_objects'
[rtyper:WARNING] prebuilt instance <rpython.memory.gc.generation.GenerationGC object at 0x322837f0> has no attribute '_d_oopty'
[rtyper:WARNING] prebuilt instance <rpython.memory.gc.generation.GenerationGC object at 0x322837f0> has no attribute '_callback2_arg4'
[rtyper:WARNING] prebuilt instance <rpython.memory.gc.generation.GenerationGC object at 0x322837f0> has no attribute '_callback2_arg5'
[rtyper:WARNING] prebuilt instance <rpython.memory.gc.generation.GenerationGC object at 0x322837f0> has no attribute 'largest_young_fixedsize'
[rtyper:WARNING] prebuilt instance <rpython.memory.gc.generation.GenerationGC object at 0x322837f0> has no attribute '_debug_seen'
[rtyper:WARNING] prebuilt instance <rpython.memory.gc.generation.GenerationGC object at 0x322837f0> has no attribute '_callback2_arg2'
[rtyper:WARNING] prebuilt instance <rpython.memory.gc.generation.GenerationGC object at 0x322837f0> has no attribute '_callback2_arg3'
[rtyper:WARNING] prebuilt instance <rpython.memory.gc.generation.GenerationGC object at 0x322837f0> has no attribute 'nursery_size'
[rtyper:WARNING] prebuilt instance <rpython.memory.gc.generation.GenerationGC object at 0x322837f0> has no attribute 'objects_with_id'
[rtyper:WARNING] prebuilt instance <rpython.memory.gc.generation.GenerationGC object at 0x322837f0> has no attribute 'tmpstack'
[rtyper:WARNING] prebuilt instance <rpython.memory.gc.generation.GenerationGC object at 0x322837f0> has no attribute 'fromspace'
[rtyper:WARNING] prebuilt instance <rpython.memory.gc.generation.GenerationGC object at 0x322837f0> has no attribute 'free'
[rtyper:WARNING] prebuilt instance <rpython.memory.gc.generation.GenerationGC object at 0x322837f0> has no attribute 'tospace'
[rtyper:WARNING] prebuilt instance <rpython.memory.gc.generation.GenerationGC object at 0x322837f0> has no attribute 'young_objects_with_weakrefs'
[rtyper:WARNING] prebuilt instance <rpython.memory.gc.generation.GenerationGC object at 0x322837f0> has no attribute 'objects_with_finalizers'
[rtyper:WARNING] prebuilt instance <rpython.memory.gc.generation.GenerationGC object at 0x322837f0> has no attribute '_count_rpy'
[rtyper:WARNING] prebuilt instance <rpython.memory.gc.generation.GenerationGC object at 0x322837f0> has no attribute 'largest_young_var_basesize'
[rtyper:WARNING] prebuilt instance <rpython.memory.gc.generation.GenerationGC object at 0x322837f0> has no attribute 'old_objects_pointing_to_young'
[rtyper:WARNING] prebuilt instance <rpython.memory.gc.generation.GenerationGC object at 0x322837f0> has no attribute '_callback2_arg0'
[rtyper:WARNING] prebuilt instance <rpython.memory.gc.generation.GenerationGC object at 0x322837f0> has no attribute '_d_lgro'
[rtyper:WARNING] prebuilt instance <rpython.memory.gc.generation.GenerationGC object at 0x322837f0> has no attribute '_callback2_arg1'
[rtyper:WARNING] prebuilt instance <rpython.memory.gc.generation.GenerationGC object at 0x322837f0> has no attribute 'id_free_list'
[rtyper:WARNING] prebuilt instance <rpython.memory.gc.generation.GenerationGC object at 0x322837f0> has no attribute 'next_free_id'
[rtyper:WARNING] prebuilt instance <rpython.memory.gc.generation.GenerationGC object at 0x322837f0> has no attribute 'finalizer_lock_count'
[rtyper:WARNING] prebuilt instance <rpython.memory.gc.generation.GenerationGC object at 0x322837f0> has no attribute 'young_objects_with_id'
[rtyper:WARNING] prebuilt instance <rpython.memory.gc.generation.GenerationGC object at 0x322837f0> has no attribute '_tracked_dict'
[rtyper:WARNING] prebuilt instance <rpython.memory.gc.generation.GenerationGC object at 0x322837f0> has no attribute 'run_finalizers'
[rtyper:WARNING] prebuilt instance <rpython.memory.gctypelayout.GCData object at 0x32283b10> has no attribute 'root_stack_base'
[rtyper] specializing: 98100 / 99485 blocks   (98%)
[rtyper] specializing: 99500 / 99532 blocks   (99%)
[rtyper] -=- specialized 1484 more blocks -=-
[rtyper] specializing: 99600 / 99652 blocks   (99%)
[rtyper] -=- specialized 120 more blocks -=-
[backendopt:inlining] phase with threshold factor: 32.4
[backendopt:inlining] heuristic: rpython.translator.backendopt.inline.inlining_heuristic
[backendopt:inlining] inlined 829 callsites.
[backendopt:malloc] starting malloc removal
[backendopt:malloc] removed 2 simple mallocs in total
[backendopt:mergeifblocks] starting to merge if blocks
[rtyper] -=- specialized 10 more blocks -=-
[rtyper] specializing: 99700 / 99779 blocks   (99%)
[rtyper] -=- specialized 117 more blocks -=-
[rtyper] specializing: 99800 / 99802 blocks   (99%)
[rtyper] -=- specialized 23 more blocks -=-
[sandbox:WARNING] Not Implemented: sandboxing for external function 'RPython_StartupCode'
[rtyper] -=- specialized 7 more blocks -=-
[sandbox:WARNING] Not Implemented: sandboxing for external function 'pypy_debug_catch_fatal_exception'
[rtyper] -=- specialized 3 more blocks -=-
[rtyper] -=- specialized 34 more blocks -=-
[c]     1000 nodes  [ array: 238  framework rtti: 32  func: 361  group: 1  struct: 1160 ]
[rtyper] -=- specialized 28 more blocks -=-
[rtyper] -=- specialized 3 more blocks -=-
[c]     2000 nodes  [ array: 440  framework rtti: 49  func: 532  group: 1  struct: 2793 ]
[c]     3000 nodes  [ array: 589  framework rtti: 54  func: 616  group: 1  struct: 4246 ]
[rtyper] -=- specialized 3 more blocks -=-
[rtyper] -=- specialized 3 more blocks -=-
[c]     4000 nodes  [ array: 819  framework rtti: 64  func: 715  group: 1  struct: 9491 ]
[c]     5000 nodes  [ array: 1113  framework rtti: 65  func: 764  group: 1  struct: 10380 ]
[c]     6000 nodes  [ array: 1266  framework rtti: 76  func: 939  group: 1  struct: 11826 ]
[c]     7000 nodes  [ array: 1266  framework rtti: 76  func: 939  group: 1  struct: 13670 ]
[c]     8000 nodes  [ array: 1266  framework rtti: 76  func: 939  group: 1  struct: 15780 ]
[c]     9000 nodes  [ array: 1266  framework rtti: 76  func: 939  group: 1  struct: 17658 ]
[c]    10000 nodes  [ array: 1295  framework rtti: 81  func: 974  group: 1  struct: 19682 ]
[c]    11000 nodes  [ array: 1522  framework rtti: 94  func: 1176  group: 1  struct: 20714 ]
[c]    12000 nodes  [ array: 1675  framework rtti: 104  func: 1315  group: 1  struct: 21617 ]
[c]    13000 nodes  [ array: 1854  framework rtti: 119  func: 1537  group: 1  struct: 22856 ]
[c]    14000 nodes  [ array: 2074  framework rtti: 155  func: 1546  group: 1  struct: 23873 ]
[c]    15000 nodes  [ array: 2255  framework rtti: 155  func: 1546  group: 1  struct: 23873 ]
[c]    16000 nodes  [ array: 2435  framework rtti: 155  func: 1546  group: 1  struct: 23873 ]
[c]    17000 nodes  [ array: 2610  framework rtti: 155  func: 1546  group: 1  struct: 23873 ]
[c]    18000 nodes  [ array: 2794  framework rtti: 155  func: 1546  group: 1  struct: 23873 ]
[c]    19000 nodes  [ array: 2970  framework rtti: 155  func: 1546  group: 1  struct: 23873 ]
[c]    20000 nodes  [ array: 3149  framework rtti: 155  func: 1546  group: 1  struct: 23873 ]
[c]    21000 nodes  [ array: 3327  framework rtti: 155  func: 1546  group: 1  struct: 23873 ]
[c]    22000 nodes  [ array: 3532  framework rtti: 168  func: 1619  group: 1  struct: 23911 ]
[c]    23000 nodes  [ array: 3819  framework rtti: 185  func: 1787  group: 1  struct: 24662 ]
[c]    24000 nodes  [ array: 4065  framework rtti: 186  func: 1885  group: 1  struct: 25756 ]
[c]    25000 nodes  [ array: 4450  framework rtti: 194  func: 2065  group: 1  struct: 26749 ]
[c]    26000 nodes  [ array: 4697  framework rtti: 199  func: 2164  group: 1  struct: 27991 ]
[c]    27000 nodes  [ array: 4942  framework rtti: 199  func: 2167  group: 1  struct: 28963 ]
[c]    28000 nodes  [ array: 5066  framework rtti: 199  func: 2172  group: 1  struct: 29181 ]
[c]    29000 nodes  [ array: 5066  framework rtti: 199  func: 2172  group: 1  struct: 29181 ]
[c]    30000 nodes  [ array: 5181  framework rtti: 208  func: 2308  group: 1  struct: 30468 ]
[c]    31000 nodes  [ array: 5258  framework rtti: 214  func: 2339  group: 1  struct: 30823 ]
[c]    32000 nodes  [ array: 5357  framework rtti: 215  func: 2393  group: 1  struct: 31209 ]
[rtyper] -=- specialized 3 more blocks -=-
[c]    33000 nodes  [ array: 5399  framework rtti: 220  func: 2476  group: 1  struct: 31838 ]
[c]    34000 nodes  [ array: 5431  framework rtti: 223  func: 2578  group: 1  struct: 32641 ]
[c]    35000 nodes  [ array: 5466  framework rtti: 230  func: 2662  group: 1  struct: 33467 ]
[c]    36000 nodes  [ array: 5746  framework rtti: 230  func: 2676  group: 1  struct: 36015 ]
[c]    37000 nodes  [ array: 5949  framework rtti: 235  func: 2717  group: 1  struct: 40348 ]
[c]    38000 nodes  [ array: 6448  framework rtti: 266  func: 2855  group: 1  struct: 42132 ]
[c]    39000 nodes  [ array: 6615  framework rtti: 271  func: 2926  group: 1  struct: 42807 ]
[c]    40000 nodes  [ array: 6771  framework rtti: 304  func: 3114  group: 1  struct: 43124 ]
[c]    41000 nodes  [ array: 7054  framework rtti: 318  func: 3274  group: 1  struct: 43557 ]
[c]    42000 nodes  [ array: 7335  framework rtti: 329  func: 3413  group: 1  struct: 44038 ]
[c]    43000 nodes  [ array: 7341  framework rtti: 329  func: 3515  group: 1  struct: 45105 ]
[c]    44000 nodes  [ array: 7347  framework rtti: 329  func: 3602  group: 1  struct: 46083 ]
[c]    45000 nodes  [ array: 7351  framework rtti: 329  func: 3668  group: 1  struct: 46660 ]
[c]    46000 nodes  [ array: 7416  framework rtti: 329  func: 3750  group: 1  struct: 47519 ]
[c]    47000 nodes  [ array: 7424  framework rtti: 329  func: 3751  group: 1  struct: 48842 ]
[c]    48000 nodes  [ array: 7424  framework rtti: 329  func: 3751  group: 1  struct: 50390 ]
[c]    49000 nodes  [ array: 7424  framework rtti: 329  func: 3751  group: 1  struct: 51553 ]
[c]    50000 nodes  [ array: 7596  framework rtti: 339  func: 3846  group: 1  struct: 53397 ]
[c]    51000 nodes  [ array: 7596  framework rtti: 339  func: 3846  group: 1  struct: 53532 ]
[c]    52000 nodes  [ array: 7630  framework rtti: 349  func: 3878  group: 1  struct: 53907 ]
[rtyper] -=- specialized 10 more blocks -=-
[rtyper] specializing: 99900 / 99903 blocks   (99%)
[rtyper] -=- specialized 7 more blocks -=-
[rtyper] -=- specialized 5 more blocks -=-
[c]    53000 nodes  [ array: 7754  framework rtti: 354  func: 3963  group: 1  struct: 54441 ]
[c]    54000 nodes  [ array: 7822  framework rtti: 360  func: 4019  group: 1  struct: 54792 ]
[rtyper] -=- specialized 3 more blocks -=-
[c]    55000 nodes  [ array: 7867  framework rtti: 364  func: 4274  group: 1  struct: 55381 ]
[c]    56000 nodes  [ array: 8214  framework rtti: 365  func: 4353  group: 1  struct: 55902 ]
[c]    57000 nodes  [ array: 8467  framework rtti: 365  func: 4444  group: 1  struct: 56400 ]
[sandbox:WARNING] Not Implemented: sandboxing for external function 'dlclose'
[rtyper] -=- specialized 3 more blocks -=-
[c]    58000 nodes  [ array: 8791  framework rtti: 365  func: 4520  group: 1  struct: 56959 ]
[rtyper] -=- specialized 9 more blocks -=-
[rtyper] -=- specialized 3 more blocks -=-
[c]    59000 nodes  [ array: 8954  framework rtti: 367  func: 4597  group: 1  struct: 57489 ]
[c]    60000 nodes  [ array: 9034  framework rtti: 367  func: 4599  group: 1  struct: 57736 ]
[c]    61000 nodes  [ array: 9339  framework rtti: 367  func: 4599  group: 1  struct: 58448 ]
[c]    62000 nodes  [ array: 9384  framework rtti: 367  func: 4599  group: 1  struct: 58595 ]
[c]    63000 nodes  [ array: 9559  framework rtti: 367  func: 4599  group: 1  struct: 59126 ]
[c]    64000 nodes  [ array: 9600  framework rtti: 370  func: 4619  group: 1  struct: 59280 ]
[c]    65000 nodes  [ array: 9619  framework rtti: 373  func: 4659  group: 1  struct: 59426 ]
[c]    66000 nodes  [ array: 9732  framework rtti: 393  func: 4824  group: 1  struct: 59994 ]
[rtyper] -=- specialized 10 more blocks -=-
[c]    67000 nodes  [ array: 10003  framework rtti: 438  func: 5005  group: 1  struct: 60714 ]
[c]    68000 nodes  [ array: 10227  framework rtti: 462  func: 5144  group: 1  struct: 61146 ]
[c]    69000 nodes  [ array: 10260  framework rtti: 465  func: 5392  group: 1  struct: 61769 ]
[c]    70000 nodes  [ array: 10348  framework rtti: 472  func: 5460  group: 1  struct: 62404 ]
[c]    71000 nodes  [ array: 10389  framework rtti: 481  func: 5536  group: 1  struct: 62739 ]
[sandbox:WARNING] Not Implemented: sandboxing for external function 'fclose'
[rtyper] -=- specialized 3 more blocks -=-
[c]    72000 nodes  [ array: 10628  framework rtti: 487  func: 5691  group: 1  struct: 63822 ]
[c]    73000 nodes  [ array: 10933  framework rtti: 487  func: 5791  group: 1  struct: 64572 ]
[c]    74000 nodes  [ array: 11096  framework rtti: 497  func: 6049  group: 1  struct: 65772 ]
[c]    75000 nodes  [ array: 11257  framework rtti: 510  func: 6232  group: 1  struct: 66296 ]
[c]    76000 nodes  [ array: 11442  framework rtti: 517  func: 6291  group: 1  struct: 67097 ]
[c]    77000 nodes  [ array: 11534  framework rtti: 536  func: 6411  group: 1  struct: 67576 ]
[c]    78000 nodes  [ array: 11828  framework rtti: 564  func: 6542  group: 1  struct: 67944 ]
[c]    79000 nodes  [ array: 12080  framework rtti: 604  func: 6677  group: 1  struct: 68753 ]
[sandbox:WARNING] Not Implemented: sandboxing for external function 'memcpy'
[rtyper] -=- specialized 3 more blocks -=-
[c]    80000 nodes  [ array: 12314  framework rtti: 629  func: 6790  group: 1  struct: 69324 ]
[c]    81000 nodes  [ array: 12664  framework rtti: 629  func: 6834  group: 1  struct: 70531 ]
[rtyper] -=- specialized 3 more blocks -=-
[rtyper] -=- specialized 3 more blocks -=-
[sandbox:WARNING] Not Implemented: SomeStatvfsResult()
[rtyper] -=- specialized 3 more blocks -=-
[rtyper] -=- specialized 12 more blocks -=-
[rtyper] -=- specialized 3 more blocks -=-
[rtyper] -=- specialized 12 more blocks -=-
[rtyper] -=- specialized 3 more blocks -=-
[rtyper] -=- specialized 3 more blocks -=-
[rtyper] -=- specialized 5 more blocks -=-
[rtyper] -=- specialized 3 more blocks -=-
[rtyper] -=- specialized 3 more blocks -=-
[rtyper] -=- specialized 3 more blocks -=-
[rtyper] specializing: 100000 / 100001 blocks   (99%)
[rtyper] -=- specialized 3 more blocks -=-
[rtyper] -=- specialized 3 more blocks -=-
[rtyper] -=- specialized 3 more blocks -=-
[rtyper] -=- specialized 9 more blocks -=-
[rtyper] -=- specialized 3 more blocks -=-
[rtyper] -=- specialized 3 more blocks -=-
[rtyper] -=- specialized 3 more blocks -=-
[rtyper] -=- specialized 3 more blocks -=-
[rtyper] -=- specialized 3 more blocks -=-
[rtyper] -=- specialized 3 more blocks -=-
[rtyper] -=- specialized 3 more blocks -=-
[c]    82000 nodes  [ array: 12917  framework rtti: 629  func: 6945  group: 1  struct: 72358 ]
[rtyper] -=- specialized 3 more blocks -=-
[rtyper] -=- specialized 3 more blocks -=-
[rtyper] -=- specialized 3 more blocks -=-
[rtyper] -=- specialized 3 more blocks -=-
[rtyper] -=- specialized 3 more blocks -=-
[rtyper] -=- specialized 3 more blocks -=-
[rtyper] -=- specialized 3 more blocks -=-
[rtyper] -=- specialized 3 more blocks -=-
[rtyper] -=- specialized 3 more blocks -=-
[rtyper] -=- specialized 3 more blocks -=-
[rtyper] -=- specialized 3 more blocks -=-
[rtyper] -=- specialized 12 more blocks -=-
[rtyper] -=- specialized 5 more blocks -=-
[rtyper] -=- specialized 12 more blocks -=-
[rtyper] specializing: 100100 / 100102 blocks   (99%)
[rtyper] -=- specialized 3 more blocks -=-
[rtyper] -=- specialized 3 more blocks -=-
[rtyper] -=- specialized 3 more blocks -=-
[rtyper] -=- specialized 3 more blocks -=-
[rtyper] -=- specialized 3 more blocks -=-
[rtyper] -=- specialized 3 more blocks -=-
[rtyper] -=- specialized 3 more blocks -=-
[rtyper] -=- specialized 3 more blocks -=-
[rtyper] -=- specialized 3 more blocks -=-
[rtyper] -=- specialized 3 more blocks -=-
[rtyper] -=- specialized 3 more blocks -=-
[rtyper] -=- specialized 3 more blocks -=-
[rtyper] -=- specialized 3 more blocks -=-
[rtyper] -=- specialized 5 more blocks -=-
[sandbox:WARNING] Not Implemented: SomeImpossibleValue()
[rtyper] -=- specialized 3 more blocks -=-
[sandbox:WARNING] Not Implemented: SomeImpossibleValue()
[rtyper] -=- specialized 3 more blocks -=-
[rtyper] -=- specialized 3 more blocks -=-
[rtyper] -=- specialized 3 more blocks -=-
[rtyper] -=- specialized 3 more blocks -=-
[rtyper] -=- specialized 3 more blocks -=-
[rtyper] -=- specialized 3 more blocks -=-
[rtyper] -=- specialized 3 more blocks -=-
[rtyper] -=- specialized 13 more blocks -=-
[rtyper] -=- specialized 3 more blocks -=-
[rtyper] -=- specialized 3 more blocks -=-
[rtyper] -=- specialized 3 more blocks -=-
[rtyper] -=- specialized 3 more blocks -=-
[rtyper] -=- specialized 3 more blocks -=-
[rtyper] specializing: 100200 / 100206 blocks   (99%)
[rtyper] -=- specialized 11 more blocks -=-
[rtyper] -=- specialized 3 more blocks -=-
[rtyper] -=- specialized 3 more blocks -=-
[rtyper] -=- specialized 3 more blocks -=-
[rtyper] -=- specialized 7 more blocks -=-
[rtyper] -=- specialized 3 more blocks -=-
[rtyper] -=- specialized 3 more blocks -=-
[c]    83000 nodes  [ array: 13317  framework rtti: 629  func: 7082  group: 1  struct: 73235 ]
[c]    84000 nodes  [ array: 13481  framework rtti: 640  func: 7256  group: 1  struct: 73845 ]
[rtyper] -=- specialized 3 more blocks -=-
[c]    85000 nodes  [ array: 13594  framework rtti: 653  func: 7295  group: 1  struct: 74160 ]
[c]    86000 nodes  [ array: 13669  framework rtti: 671  func: 7386  group: 1  struct: 75660 ]
[c]    87000 nodes  [ array: 13728  framework rtti: 671  func: 7463  group: 1  struct: 75880 ]
[c]    88000 nodes  [ array: 13815  framework rtti: 671  func: 7511  group: 1  struct: 76360 ]
[c]    89000 nodes  [ array: 13856  framework rtti: 678  func: 7550  group: 1  struct: 77096 ]
[rtyper] -=- specialized 3 more blocks -=-
[c]    90000 nodes  [ array: 13893  framework rtti: 682  func: 7624  group: 1  struct: 77528 ]
[c]    91000 nodes  [ array: 13953  framework rtti: 738  func: 7641  group: 1  struct: 78556 ]
[c]    92000 nodes  [ array: 13953  framework rtti: 738  func: 7641  group: 1  struct: 80070 ]
[rtyper] -=- specialized 3 more blocks -=-
[rtyper] -=- specialized 3 more blocks -=-
[rtyper] -=- specialized 7 more blocks -=-
[rtyper] -=- specialized 3 more blocks -=-
[sandbox:WARNING] Not Implemented: SomeStatvfsResult()
[rtyper] -=- specialized 3 more blocks -=-
[sandbox:WARNING] Not Implemented: SomeStatvfsResult()
[rtyper] -=- specialized 3 more blocks -=-
[rtyper] -=- specialized 3 more blocks -=-
[rtyper] -=- specialized 3 more blocks -=-
[rtyper] -=- specialized 3 more blocks -=-
[rtyper] -=- specialized 3 more blocks -=-
[rtyper] -=- specialized 3 more blocks -=-
[rtyper] -=- specialized 3 more blocks -=-
[rtyper] -=- specialized 3 more blocks -=-
[rtyper] -=- specialized 3 more blocks -=-
[c]    93000 nodes  [ array: 13968  framework rtti: 747  func: 7683  group: 1  struct: 80619 ]
[rtyper] -=- specialized 3 more blocks -=-
[rtyper] -=- specialized 3 more blocks -=-
[rtyper] -=- specialized 3 more blocks -=-
[rtyper] -=- specialized 3 more blocks -=-
[rtyper] -=- specialized 3 more blocks -=-
[rtyper] -=- specialized 3 more blocks -=-
[rtyper] specializing: 100300 / 100301 blocks   (99%)
[rtyper] -=- specialized 3 more blocks -=-
[rtyper] -=- specialized 3 more blocks -=-
[rtyper] -=- specialized 3 more blocks -=-
[rtyper] -=- specialized 3 more blocks -=-
[rtyper] -=- specialized 3 more blocks -=-
[rtyper] -=- specialized 13 more blocks -=-
[rtyper] -=- specialized 3 more blocks -=-
[rtyper] -=- specialized 3 more blocks -=-
[c]    94000 nodes  [ array: 13987  framework rtti: 748  func: 7714  group: 1  struct: 81516 ]
[c]    95000 nodes  [ array: 14047  framework rtti: 758  func: 7826  group: 1  struct: 81726 ]
[c]    96000 nodes  [ array: 14170  framework rtti: 772  func: 7886  group: 1  struct: 82128 ]
[c]    97000 nodes  [ array: 14233  framework rtti: 772  func: 7895  group: 1  struct: 82181 ]
[rtyper] -=- specialized 3 more blocks -=-
[c]    98000 nodes  [ array: 14353  framework rtti: 815  func: 8167  group: 1  struct: 88727 ]
[sandbox:WARNING] Not Implemented: sandboxing for external function 'dlsym'
[rtyper] -=- specialized 3 more blocks -=-
[c]    99000 nodes  [ array: 14448  framework rtti: 844  func: 8324  group: 1  struct: 89091 ]
[sandbox:WARNING] Not Implemented: sandboxing for external function 'ffi_prep_closure'
[rtyper] -=- specialized 3 more blocks -=-
[c]   100000 nodes  [ array: 14664  framework rtti: 903  func: 8502  group: 1  struct: 89491 ]
[c]   101000 nodes  [ array: 14788  framework rtti: 908  func: 8675  group: 1  struct: 89856 ]
[c]   102000 nodes  [ array: 14864  framework rtti: 908  func: 8963  group: 1  struct: 90165 ]
[sandbox:WARNING] Not Implemented: sandboxing for external function 'clock_gettime'
[rtyper] -=- specialized 3 more blocks -=-
[sandbox:WARNING] Not Implemented: sandboxing for external function 'clock_getres'
[rtyper] -=- specialized 3 more blocks -=-
[c]   103000 nodes  [ array: 14978  framework rtti: 929  func: 9005  group: 1  struct: 90238 ]
[c]   104000 nodes  [ array: 15231  framework rtti: 937  func: 9037  group: 1  struct: 90602 ]
[c]   105000 nodes  [ array: 15349  framework rtti: 953  func: 9133  group: 1  struct: 91223 ]
[c]   106000 nodes  [ array: 15352  framework rtti: 953  func: 9133  group: 1  struct: 91244 ]
[c]   107000 nodes  [ array: 15352  framework rtti: 953  func: 9133  group: 1  struct: 91244 ]
[c]   108000 nodes  [ array: 15358  framework rtti: 959  func: 9151  group: 1  struct: 91244 ]
[c]   109000 nodes  [ array: 15358  framework rtti: 959  func: 9151  group: 1  struct: 91244 ]
[c]   110000 nodes  [ array: 15359  framework rtti: 959  func: 9151  group: 1  struct: 91244 ]
[c]   111000 nodes  [ array: 15359  framework rtti: 959  func: 9151  group: 1  struct: 91244 ]
[c]   112000 nodes  [ array: 15531  framework rtti: 1007  func: 9313  group: 1  struct: 92024 ]
[sandbox:WARNING] Not Implemented: sandboxing for external function 'memmove'
[rtyper] -=- specialized 3 more blocks -=-
[sandbox:WARNING] Not Implemented: sandboxing for external function 'msync'
[rtyper] -=- specialized 3 more blocks -=-
[sandbox:WARNING] Not Implemented: sandboxing for external function 'mremap'
[rtyper] -=- specialized 3 more blocks -=-
[sandbox:WARNING] Not Implemented: sandboxing for external function 'dlopen'
[rtyper] -=- specialized 3 more blocks -=-
[sandbox:WARNING] Not Implemented: sandboxing for external function 'dlerror'
[rtyper] -=- specialized 3 more blocks -=-
[c]   113000 nodes  [ array: 15735  framework rtti: 1020  func: 9499  group: 1  struct: 92505 ]
[rtyper] -=- specialized 3 more blocks -=-
[c]   114000 nodes  [ array: 15785  framework rtti: 1034  func: 9670  group: 1  struct: 93375 ]
[c]   115000 nodes  [ array: 15866  framework rtti: 1035  func: 9888  group: 1  struct: 94253 ]
[c]   116000 nodes  [ array: 15921  framework rtti: 1039  func: 9921  group: 1  struct: 94315 ]
[c]   117000 nodes  [ array: 16037  framework rtti: 1051  func: 9969  group: 1  struct: 94580 ]
[c]   118000 nodes  [ array: 16185  framework rtti: 1182  func: 10384  group: 1  struct: 94688 ]
[c]   119000 nodes  [ array: 16321  framework rtti: 1199  func: 10511  group: 1  struct: 95078 ]
[rtyper] -=- specialized 3 more blocks -=-
[rtyper] -=- specialized 3 more blocks -=-
[c]   120000 nodes  [ array: 16551  framework rtti: 1210  func: 10626  group: 1  struct: 95635 ]
[c]   121000 nodes  [ array: 16673  framework rtti: 1210  func: 10695  group: 1  struct: 96251 ]
[c]   122000 nodes  [ array: 16851  framework rtti: 1217  func: 10769  group: 1  struct: 100520 ]
[sandbox:WARNING] Not Implemented: sandboxing for external function 'ffi_prep_cif'
[rtyper] -=- specialized 3 more blocks -=-
[sandbox:WARNING] Not Implemented: sandboxing for external function 'fdopen'
[rtyper] -=- specialized 3 more blocks -=-
[sandbox:WARNING] Not Implemented: sandboxing for external function 'setbuf'
[rtyper] -=- specialized 3 more blocks -=-
[c]   123000 nodes  [ array: 16985  framework rtti: 1227  func: 10852  group: 1  struct: 100764 ]
[c]   124000 nodes  [ array: 17086  framework rtti: 1227  func: 10924  group: 1  struct: 101039 ]
[c]   125000 nodes  [ array: 17280  framework rtti: 1228  func: 11003  group: 1  struct: 101459 ]
[c]   126000 nodes  [ array: 17280  framework rtti: 1228  func: 11003  group: 1  struct: 101461 ]
[c]   127000 nodes  [ array: 17280  framework rtti: 1228  func: 11003  group: 1  struct: 101461 ]
[c]   128000 nodes  [ array: 17280  framework rtti: 1228  func: 11003  group: 1  struct: 101461 ]
[c]   129000 nodes  [ array: 17280  framework rtti: 1228  func: 11003  group: 1  struct: 101494 ]
[rtyper] -=- specialized 3 more blocks -=-
[sandbox:WARNING] Not Implemented: sandboxing for external function 'ffi_call'
[rtyper] -=- specialized 3 more blocks -=-
[rtyper] -=- specialized 3 more blocks -=-
[c]   130000 nodes  [ array: 17440  framework rtti: 1272  func: 11277  group: 1  struct: 101863 ]
[c]   131000 nodes  [ array: 17539  framework rtti: 1306  func: 11675  group: 1  struct: 101910 ]
[sandbox:WARNING] Not Implemented: sandboxing for external function 'mmap'
[rtyper] -=- specialized 3 more blocks -=-
[c]   132000 nodes  [ array: 17731  framework rtti: 1341  func: 11842  group: 1  struct: 103063 ]
[c]   133000 nodes  [ array: 17869  framework rtti: 1385  func: 12048  group: 1  struct: 104518 ]
[c]   134000 nodes  [ array: 18005  framework rtti: 1492  func: 12336  group: 1  struct: 104583 ]
[c]   135000 nodes  [ array: 18136  framework rtti: 1623  func: 12685  group: 1  struct: 104583 ]
[c]   136000 nodes  [ array: 18225  framework rtti: 1689  func: 12863  group: 1  struct: 104647 ]
[c]   137000 nodes  [ array: 18243  framework rtti: 1690  func: 12870  group: 1  struct: 104654 ]
[rtyper] specializing: 100400 / 102531 blocks   (97%)
[rtyper] -=- specialized 2139 more blocks -=-
[rtyper] -=- specialized 0 more blocks -=-
[backendopt:inlining] phase with threshold factor: 32.4
[backendopt:inlining] heuristic: rpython.translator.backendopt.inline.inlining_heuristic
[backendopt:inlining] inlined 4 callsites.
[backendopt:malloc] starting malloc removal
[backendopt:malloc] removed 0 simple mallocs in total
[backendopt:mergeifblocks] starting to merge if blocks
[c:database] GC transformer: finished helpers
[c]   138000 nodes  [ array: 18308  framework rtti: 1693  func: 13345  group: 1  struct: 105119 ]
[c:database] GC transformer: finished tables
[c]   139000 nodes  [ array: 18743  framework rtti: 1693  func: 13367  group: 1  struct: 107055 ]
[c]   140000 nodes  [ array: 19280  framework rtti: 1693  func: 13367  group: 1  struct: 107157 ]
[c]   141000 nodes  [ array: 19894  framework rtti: 1693  func: 13367  group: 1  struct: 107364 ]
[c]   142000 nodes  [ array: 19894  framework rtti: 1693  func: 13367  group: 1  struct: 107364 ]
[gctransform:info] assigned 1927 typeids
[gctransform:info] added 43984 push/pop stack root instructions
[gctransform:info] inserted 5747 write barrier calls
[gctransform:info] found 3 static roots
[c]   142324 nodes  [ array: 19899  framework rtti: 1693  func: 13367  group: 1  struct: 107364 ]
[c:database] Completed
[translation:info] database for generating C source was created
[c46ff] translation-task}
[translation:info] Generating c source...
[c4700] {translation-task
starting source_c
[c:writing] structdef.h
[c:writing] forwarddecl.h
[c:writing] preimpl.h
[c:writing] data_pypy_goal_targetpypystandalone.c
[c:writing] data_pypy_interpreter_argument.c
[c:writing] data_pypy_interpreter_astcompiler_assemble.c
[c:writing] data_pypy_interpreter_astcompiler_ast.c
[c:writing] data_pypy_interpreter_astcompiler_astbuilder.c
[c:writing] data_pypy_interpreter_astcompiler_asthelpers.c
[c:writing] data_pypy_interpreter_astcompiler_codegen.c
[c:writing] data_pypy_interpreter_astcompiler_misc.c
[c:writing] data_pypy_interpreter_astcompiler_symtable.c
[c:writing] data_pypy_interpreter_baseobjspace.c
[c:writing] data_pypy_interpreter_error.c
[c:writing] data_pypy_interpreter_executioncontext.c
[c:writing] data_pypy_interpreter_function.c
[c:writing] data_pypy_interpreter_gateway.c
[c:writing] data_pypy_interpreter_generator.c
[c:writing] data_pypy_interpreter_mixedmodule.c
[c:writing] data_pypy_interpreter_module.c
[c:writing] data_pypy_interpreter_nestedscope.c
[c:writing] data_pypy_interpreter_pycode.c
[c:writing] data_pypy_interpreter_pycompiler.c
[c:writing] data_pypy_interpreter_pyframe.c
[c:writing] data_pypy_interpreter_pyopcode.c
[c:writing] data_pypy_interpreter_pyparser_automata.c
[c:writing] data_pypy_interpreter_pyparser_future.c
[c:writing] data_pypy_interpreter_pyparser_parser.c
[c:writing] data_pypy_interpreter_pyparser_parsestring.c
[c:writing] data_pypy_interpreter_pyparser_pyparse.c
[c:writing] data_pypy_interpreter_pyparser_pytokenizer.c
[c:writing] data_pypy_interpreter_pytraceback.c
[c:writing] data_pypy_interpreter_streamutil.c
[c:writing] data_pypy_interpreter_typedef.c
[c:writing] data_pypy_module___builtin___abstractinst.c
[c:writing] data_pypy_module___builtin___compiling.c
[c:writing] data_pypy_module___builtin___functional.c
[c:writing] data_pypy_module___builtin___interp_classobj.c
[c:writing] data_pypy_module___builtin___operation.c
[c:writing] data_pypy_module___pypy___interp_dict.c
[c:writing] data_pypy_module__cffi_backend_cbuffer.c
[c:writing] data_pypy_module__cffi_backend_ccallback.c
[c:writing] data_pypy_module__cffi_backend_cdataobj.c
[c:writing] data_pypy_module__cffi_backend_ctypearray.c
[c:writing] data_pypy_module__cffi_backend_ctypefunc.c
[c:writing] data_pypy_module__cffi_backend_ctypeobj.c
[c:writing] data_pypy_module__cffi_backend_ctypeprim.c
[c:writing] data_pypy_module__cffi_backend_ctypeptr.c
[c:writing] data_pypy_module__cffi_backend_ctypestruct.c
[c:writing] data_pypy_module__cffi_backend_func.c
[c:writing] data_pypy_module__cffi_backend_handle.c
[c:writing] data_pypy_module__cffi_backend_libraryobj.c
[c:writing] data_pypy_module__cffi_backend_misc.c
[c:writing] data_pypy_module__cffi_backend_newtype.c
[c:writing] data_pypy_module__codecs_interp_codecs.c
[c:writing] data_pypy_module__file___init__.c
[c:writing] data_pypy_module__file_interp_file.c
[c:writing] data_pypy_module__file_interp_stream.c
[c:writing] data_pypy_module__io_interp_bufferedio.c
[c:writing] data_pypy_module__io_interp_bytesio.c
[c:writing] data_pypy_module__io_interp_fileio.c
[c:writing] data_pypy_module__io_interp_io.c
[c:writing] data_pypy_module__io_interp_iobase.c
[c:writing] data_pypy_module__io_interp_stringio.c
[c:writing] data_pypy_module__io_interp_textio.c
[c:writing] data_pypy_module__pickle_support_maker.c
[c:writing] data_pypy_module__random_interp_random.c
[c:writing] data_pypy_module__rawffi_interp_rawffi.c
[c:writing] data_pypy_module__sre_interp_sre.c
[c:writing] data_pypy_module__warnings_interp_warnings.c
[c:writing] data_pypy_module__weakref_interp__weakref.c
[c:writing] data_pypy_module_binascii_interp_base64.c
[c:writing] data_pypy_module_binascii_interp_hqx.c
[c:writing] data_pypy_module_binascii_interp_qp.c
[c:writing] data_pypy_module_binascii_interp_uu.c
[c:writing] data_pypy_module_exceptions_interp_exceptions.c
[c:writing] data_pypy_module_imp_importing.c
[c:writing] data_pypy_module_imp_interp_imp.c
[c:writing] data_pypy_module_itertools_interp_itertools.c
[c:writing] data_pypy_module_marshal_interp_marshal.c
[c:writing] data_pypy_module_mmap_interp_mmap.c
[c:writing] data_pypy_module_posix_interp_posix.c
[c:writing] data_pypy_module_signal_interp_signal.c
[c:writing] data_pypy_module_struct_formatiterator.c
[c:writing] data_pypy_module_struct_interp_struct.c
[c:writing] data_pypy_module_sys___init__.c
[c:writing] data_pypy_module_sys_currentframes.c
[c:writing] data_pypy_module_sys_initpath.c
[c:writing] data_pypy_module_sys_interp_encoding.c
[c:writing] data_pypy_objspace_descroperation.c
[c:writing] data_pypy_objspace_std_boolobject.c
[c:writing] data_pypy_objspace_std_bufferobject.c
[c:writing] data_pypy_objspace_std_bytearrayobject.c
[c:writing] data_pypy_objspace_std_bytesobject.c
[c:writing] data_pypy_objspace_std_complexobject.c
[c:writing] data_pypy_objspace_std_complextype.c
[c:writing] data_pypy_objspace_std_dictmultiobject.c
[c:writing] data_pypy_objspace_std_dictproxyobject.c
[c:writing] data_pypy_objspace_std_floatobject.c
[c:writing] data_pypy_objspace_std_floattype.c
[c:writing] data_pypy_objspace_std_formatting.c
[c:writing] data_pypy_objspace_std_frame.c
[c:writing] data_pypy_objspace_std_intobject.c
[c:writing] data_pypy_objspace_std_iterobject.c
[c:writing] data_pypy_objspace_std_listobject.c
[c:writing] data_pypy_objspace_std_longobject.c
[c:writing] data_pypy_objspace_std_marshal_impl.c
[c:writing] data_pypy_objspace_std_newformat.c
[c:writing] data_pypy_objspace_std_objecttype.c
[c:writing] data_pypy_objspace_std_objspace.c
[c:writing] data_pypy_objspace_std_setobject.c
[c:writing] data_pypy_objspace_std_stdtypedef.c
[c:writing] data_pypy_objspace_std_stringmethods.c
[c:writing] data_pypy_objspace_std_transparent.c
[c:writing] data_pypy_objspace_std_tupleobject.c
[c:writing] data_pypy_objspace_std_typeobject.c
[c:writing] data_pypy_objspace_std_unicodeobject.c
[c:writing] data_rpython_flowspace_specialcase.c
[c:writing] data_rpython_memory_gc_env.c
[c:writing] data_rpython_memory_gc_generation.c
[c:writing] data_rpython_memory_gc_semispace.c
[c:writing] data_rpython_memory_gctransform_framework.c
[c:writing] data_rpython_memory_gctransform_support.c
[c:writing] data_rpython_rlib_jit_libffi.c
[c:writing] data_rpython_rlib_rbigint.c
[c:writing] data_rpython_rlib_rcomplex.c
[c:writing] data_rpython_rlib_rdtoa.c
[c:writing] data_rpython_rlib_rfloat.c
[c:writing] data_rpython_rlib_rlocale.c
[c:writing] data_rpython_rlib_rmarshal.c
[c:writing] data_rpython_rlib_rmmap.c
[c:writing] data_rpython_rlib_rsre_rsre_char.c
[c:writing] data_rpython_rlib_rsre_rsre_core.c
[c:writing] data_rpython_rlib_rstack.c
[c:writing] data_rpython_rlib_rstring.c
[c:writing] data_rpython_rlib_rstruct_formatiterator.c
[c:writing] data_rpython_rlib_rstruct_nativefmttable.c
[c:writing] data_rpython_rlib_rstruct_standardfmttable.c
[c:writing] data_rpython_rlib_runicode.c
[c:writing] data_rpython_rlib_rurandom.c
[c:writing] data_rpython_rlib_rzipfile.c
[c:writing] data_rpython_rlib_streamio.c
[c:writing] data_rpython_rlib_unicodedata_unicodedb_5_2_0.c
[c:writing] data_rpython_rtyper_lltypesystem_ll_str.c
[c:writing] data_rpython_rtyper_lltypesystem_llarena.c
[c:writing] data_rpython_rtyper_lltypesystem_rclass.c
[c:writing] data_rpython_rtyper_lltypesystem_rdict.c
[c:writing] data_rpython_rtyper_lltypesystem_rffi.c
[c:writing] data_rpython_rtyper_lltypesystem_rlist.c
[c:writing] data_rpython_rtyper_lltypesystem_rstr.c
[c:writing] data_rpython_rtyper_module_ll_os_stat.c
[c:writing] data_rpython_rtyper_rlist.c
[c:writing] data_rpython_translator_sandbox_rsandbox.c
[c:writing] nonfuncnodes.c
[c:writing] nonfuncnodes_1.c
[c:writing] nonfuncnodes_2.c
[c:writing] nonfuncnodes_3.c
[c:writing] nonfuncnodes_4.c
[c:writing] nonfuncnodes_5.c
[c:writing] nonfuncnodes_6.c
[c:writing] nonfuncnodes_7.c
[c:writing] nonfuncnodes_8.c
[c:writing] data_pypy_interpreter_executioncontext_1.c
[c:writing] data_pypy_module__cffi_backend_misc_1.c
[c:writing] data_pypy_module__io_interp_bufferedio_1.c
[c:writing] data_pypy_module_signal_interp_signal_1.c
[c:writing] data_rpython_memory_gc_inspector.c
[c:writing] data_rpython_rlib_rlocale_1.c
[c:writing] data_rpython_rlib_rmmap_1.c
[c:writing] data_rpython_rlib_rsre_rsre_char_1.c
[c:writing] data_rpython_rlib_rstack_1.c
[c:writing] data_rpython_rlib_rstruct_nativefmttable_1.c
[c:writing] data_rpython_rtyper_lltypesystem_llarena_1.c
[c:writing] data_rpython_rtyper_lltypesystem_module_ll_math.c
[c:writing] data_rpython_rtyper_lltypesystem_rffi_1.c
[c:writing] data_rpython_translator_sandbox_rsandbox_1.c
[c:writing] implement.c
[c:writing] implement_1.c
[c:writing] implement_2.c
[c:writing] pypy_goal_targetpypystandalone.c
[c:writing] pypy_interpreter_argument.c
[c:writing] pypy_interpreter_astcompiler_assemble.c
[c:writing] pypy_interpreter_astcompiler_ast.c
[c:writing] pypy_interpreter_astcompiler_astbuilder.c
[c:writing] pypy_interpreter_astcompiler_asthelpers.c
[c:writing] pypy_interpreter_astcompiler_codegen.c
[c:writing] pypy_interpreter_astcompiler_misc.c
[c:writing] pypy_interpreter_astcompiler_optimize.c
[c:writing] pypy_interpreter_astcompiler_symtable.c
[c:writing] pypy_interpreter_baseobjspace.c
[c:writing] pypy_interpreter_error.c
[c:writing] pypy_interpreter_eval.c
[c:writing] pypy_interpreter_executioncontext.c
[c:writing] pypy_interpreter_function.c
[c:writing] pypy_interpreter_gateway.c
[c:writing] pypy_interpreter_generator.c
[c:writing] pypy_interpreter_mixedmodule.c
[c:writing] pypy_interpreter_module.c
[c:writing] pypy_interpreter_nestedscope.c
[c:writing] pypy_interpreter_pycode.c
[c:writing] pypy_interpreter_pycompiler.c
[c:writing] pypy_interpreter_pyframe.c
[c:writing] pypy_interpreter_pyopcode.c
[c:writing] pypy_interpreter_pyparser_automata.c
[c:writing] pypy_interpreter_pyparser_error.c
[c:writing] pypy_interpreter_pyparser_future.c
[c:writing] pypy_interpreter_pyparser_parser.c
[c:writing] pypy_interpreter_pyparser_parsestring.c
[c:writing] pypy_interpreter_pyparser_pyparse.c
[c:writing] pypy_interpreter_pyparser_pytokenizer.c
[c:writing] pypy_interpreter_pytraceback.c
[c:writing] pypy_interpreter_signature.c
[c:writing] pypy_interpreter_streamutil.c
[c:writing] pypy_interpreter_typedef.c
[c:writing] pypy_interpreter_unicodehelper.c
[c:writing] pypy_module___builtin___abstractinst.c
[c:writing] pypy_module___builtin___compiling.c
[c:writing] pypy_module___builtin___descriptor.c
[c:writing] pypy_module___builtin___functional.c
[c:writing] pypy_module___builtin___interp_classobj.c
[c:writing] pypy_module___builtin___interp_inspect.c
[c:writing] pypy_module___builtin___operation.c
[c:writing] pypy_module___pypy___bytebuffer.c
[c:writing] pypy_module___pypy___interp_builders.c
[c:writing] pypy_module___pypy___interp_debug.c
[c:writing] pypy_module___pypy___interp_dict.c
[c:writing] pypy_module___pypy___interp_identitydict.c
[c:writing] pypy_module___pypy___interp_intop.c
[c:writing] pypy_module___pypy___interp_magic.c
[c:writing] pypy_module___pypy___interp_os.c
[c:writing] pypy_module___pypy___interp_signal.c
[c:writing] pypy_module___pypy___interp_time.c
[c:writing] pypy_module__cffi_backend_cbuffer.c
[c:writing] pypy_module__cffi_backend_ccallback.c
[c:writing] pypy_module__cffi_backend_cdataobj.c
[c:writing] pypy_module__cffi_backend_cerrno.c
[c:writing] pypy_module__cffi_backend_ctypearray.c
[c:writing] pypy_module__cffi_backend_ctypeenum.c
[c:writing] pypy_module__cffi_backend_ctypefunc.c
[c:writing] pypy_module__cffi_backend_ctypeobj.c
[c:writing] pypy_module__cffi_backend_ctypeprim.c
[c:writing] pypy_module__cffi_backend_ctypeptr.c
[c:writing] pypy_module__cffi_backend_ctypestruct.c
[c:writing] pypy_module__cffi_backend_func.c
[c:writing] pypy_module__cffi_backend_handle.c
[c:writing] pypy_module__cffi_backend_libraryobj.c
[c:writing] pypy_module__cffi_backend_misc.c
[c:writing] pypy_module__cffi_backend_newtype.c
[c:writing] pypy_module__codecs_interp_codecs.c
[c:writing] pypy_module__file___init__.c
[c:writing] pypy_module__file_interp_file.c
[c:writing] pypy_module__file_interp_stream.c
[c:writing] pypy_module__io_interp_bufferedio.c
[c:writing] pypy_module__io_interp_bytesio.c
[c:writing] pypy_module__io_interp_fileio.c
[c:writing] pypy_module__io_interp_io.c
[c:writing] pypy_module__io_interp_iobase.c
[c:writing] pypy_module__io_interp_stringio.c
[c:writing] pypy_module__io_interp_textio.c
[c:writing] pypy_module__pickle_support_maker.c
[c:writing] pypy_module__random_interp_random.c
[c:writing] pypy_module__rawffi_interp_rawffi.c
[c:writing] pypy_module__sre_interp_sre.c
[c:writing] pypy_module__warnings_interp_warnings.c
[c:writing] pypy_module__weakref_interp__weakref.c
[c:writing] pypy_module_binascii_interp_base64.c
[c:writing] pypy_module_binascii_interp_hexlify.c
[c:writing] pypy_module_binascii_interp_hqx.c
[c:writing] pypy_module_binascii_interp_qp.c
[c:writing] pypy_module_binascii_interp_uu.c
[c:writing] pypy_module_cmath_interp_cmath.c
[c:writing] pypy_module_exceptions_interp_exceptions.c
[c:writing] pypy_module_gc_interp_gc.c
[c:writing] pypy_module_gc_referents.c
[c:writing] pypy_module_imp_importing.c
[c:writing] pypy_module_imp_interp_imp.c
[c:writing] pypy_module_itertools_interp_itertools.c
[c:writing] pypy_module_marshal_interp_marshal.c
[c:writing] pypy_module_math_interp_math.c
[c:writing] pypy_module_mmap_interp_mmap.c
[c:writing] pypy_module_operator_interp_operator.c
[c:writing] pypy_module_parser_pyparser.c
[c:writing] pypy_module_posix_interp_posix.c
[c:writing] pypy_module_signal_interp_signal.c
[c:writing] pypy_module_struct_formatiterator.c
[c:writing] pypy_module_struct_interp_struct.c
[c:writing] pypy_module_sys___init__.c
[c:writing] pypy_module_sys_currentframes.c
[c:writing] pypy_module_sys_hook.c
[c:writing] pypy_module_sys_initpath.c
[c:writing] pypy_module_sys_interp_encoding.c
[c:writing] pypy_module_sys_vm.c
[c:writing] pypy_module_time_interp_time.c
[c:writing] pypy_module_token___init__.c
[c:writing] pypy_objspace_descroperation.c
[c:writing] pypy_objspace_std_boolobject.c
[c:writing] pypy_objspace_std_bufferobject.c
[c:writing] pypy_objspace_std_bytearrayobject.c
[c:writing] pypy_objspace_std_bytesobject.c
[c:writing] pypy_objspace_std_callmethod.c
[c:writing] pypy_objspace_std_complexobject.c
[c:writing] pypy_objspace_std_complextype.c
[c:writing] pypy_objspace_std_dictmultiobject.c
[c:writing] pypy_objspace_std_dictproxyobject.c
[c:writing] pypy_objspace_std_floatobject.c
[c:writing] pypy_objspace_std_floattype.c
[c:writing] pypy_objspace_std_formatting.c
[c:writing] pypy_objspace_std_frame.c
[c:writing] pypy_objspace_std_identitydict.c
[c:writing] pypy_objspace_std_intobject.c
[c:writing] pypy_objspace_std_iterobject.c
[c:writing] pypy_objspace_std_kwargsdict.c
[c:writing] pypy_objspace_std_listobject.c
[c:writing] pypy_objspace_std_longobject.c
[c:writing] pypy_objspace_std_marshal_impl.c
[c:writing] pypy_objspace_std_memoryobject.c
[c:writing] pypy_objspace_std_model.c
[c:writing] pypy_objspace_std_newformat.c
[c:writing] pypy_objspace_std_objecttype.c
[c:writing] pypy_objspace_std_objspace.c
[c:writing] pypy_objspace_std_proxyobject.c
[c:writing] pypy_objspace_std_setobject.c
[c:writing] pypy_objspace_std_sliceobject.c
[c:writing] pypy_objspace_std_slicetype.c
[c:writing] pypy_objspace_std_specialisedtupleobject.c
[c:writing] pypy_objspace_std_stdtypedef.c
[c:writing] pypy_objspace_std_stringmethods.c
[c:writing] pypy_objspace_std_transparent.c
[c:writing] pypy_objspace_std_tupleobject.c
[c:writing] pypy_objspace_std_typeobject.c
[c:writing] pypy_objspace_std_unicodeobject.c
[c:writing] pypy_objspace_std_util.c
[c:writing] rpython_flowspace_specialcase.c
[c:writing] rpython_memory_gc_base.c
[c:writing] rpython_memory_gc_env.c
[c:writing] rpython_memory_gc_generation.c
[c:writing] rpython_memory_gc_inspector.c
[c:writing] rpython_memory_gc_semispace.c
[c:writing] rpython_memory_gctransform_framework.c
[c:writing] rpython_memory_gctransform_shadowstack.c
[c:writing] rpython_memory_gctransform_support.c
[c:writing] rpython_memory_gctransform_transform.c
[c:writing] rpython_memory_gctypelayout.c
[c:writing] rpython_memory_lldict.c
[c:writing] rpython_memory_support.c
[c:writing] rpython_rlib__rweakvaldict.c
[c:writing] rpython_rlib_buffer.c
[c:writing] rpython_rlib_clibffi.c
[c:writing] rpython_rlib_entrypoint.c
[c:writing] rpython_rlib_jit_libffi.c
[c:writing] rpython_rlib_listsort.c
[c:writing] rpython_rlib_rStringIO.c
[c:writing] rpython_rlib_rarithmetic.c
[c:writing] rpython_rlib_rbigint.c
[c:writing] rpython_rlib_rcomplex.c
[c:writing] rpython_rlib_rdtoa.c
[c:writing] rpython_rlib_rdynload.c
[c:writing] rpython_rlib_rfloat.c
[c:writing] rpython_rlib_rgc.c
[c:writing] rpython_rlib_rlocale.c
[c:writing] rpython_rlib_rmarshal.c
[c:writing] rpython_rlib_rmmap.c
[c:writing] rpython_rlib_rposix.c
[c:writing] rpython_rlib_rrandom.c
[c:writing] rpython_rlib_rrawarray.c
[c:writing] rpython_rlib_rshrinklist.c
[c:writing] rpython_rlib_rsre_rsre_char.c
[c:writing] rpython_rlib_rsre_rsre_core.c
[c:writing] rpython_rlib_rstack.c
[c:writing] rpython_rlib_rstring.c
[c:writing] rpython_rlib_rstruct_formatiterator.c
[c:writing] rpython_rlib_rstruct_ieee.c
[c:writing] rpython_rlib_rstruct_nativefmttable.c
[c:writing] rpython_rlib_rstruct_standardfmttable.c
[c:writing] rpython_rlib_rstruct_unichar.c
[c:writing] rpython_rlib_runicode.c
[c:writing] rpython_rlib_rurandom.c
[c:writing] rpython_rlib_rweaklist.c
[c:writing] rpython_rlib_rzipfile.c
[c:writing] rpython_rlib_streamio.c
[c:writing] rpython_rlib_unicodedata_unicodedb_5_2_0.c
[c:writing] rpython_rtyper_exceptiondata.c
[c:writing] rpython_rtyper_lltypesystem_ll_str.c
[c:writing] rpython_rtyper_lltypesystem_llarena.c
[c:writing] rpython_rtyper_lltypesystem_lltype.c
[c:writing] rpython_rtyper_lltypesystem_module_ll_math.c
[c:writing] rpython_rtyper_lltypesystem_rbuilder.c
[c:writing] rpython_rtyper_lltypesystem_rclass.c
[c:writing] rpython_rtyper_lltypesystem_rdict.c
[c:writing] rpython_rtyper_lltypesystem_rffi.c
[c:writing] rpython_rtyper_lltypesystem_rlist.c
[c:writing] rpython_rtyper_lltypesystem_rrange.c
[c:writing] rpython_rtyper_lltypesystem_rstr.c
[c:writing] rpython_rtyper_module_ll_os.c
[c:writing] rpython_rtyper_module_ll_os_environ.c
[c:writing] rpython_rtyper_module_ll_os_stat.c
[c:writing] rpython_rtyper_module_ll_time.c
[c:writing] rpython_rtyper_rlist.c
[c:writing] rpython_rtyper_rrange.c
[c:writing] rpython_rtyper_rstr.c
[c:writing] rpython_tool_error.c
[c:writing] rpython_translator_c_extfunc.c
[c:writing] rpython_translator_exceptiontransform.c
[c:writing] rpython_translator_sandbox_rsandbox.c
[translation:info] written: /tmp/usession-default-5/testing_1/testing_1.c
[f40ab] translation-task}
[translation:info] Compiling c source...
[f40ab] {translation-task
starting compile_c
[platform:execute] make -j 4 in /tmp/usession-default-5/testing_1
[platform:WARNING] pypy_module__warnings_interp_warnings.c: In function 'pypy_g_normalize_module':
[platform:WARNING] pypy_module__warnings_interp_warnings.c:7963:5: warning: assuming signed overflow does not occur when assuming that (X - c) > X is always false [-Wstrict-overflow]
[platform:WARNING]   if (l_v591300) {
[platform:WARNING]      ^
[platform:WARNING] pypy_module_signal_interp_signal.c: In function 'pypy_g_siginterrupt':
[platform:WARNING] pypy_module_signal_interp_signal.c:2090:2: warning: implicit declaration of function 'siginterrupt' [-Wimplicit-function-declaration]
[platform:WARNING]   l_v660301 = siginterrupt(l_v660258, l_flag_2);
[platform:WARNING]   ^
[platform:WARNING] In file included from /pypy-sandbox/src/pypy/rpython/translator/c/src/g_include.h:11:0,
[platform:WARNING]                  from rpython_rlib_rstruct_nativefmttable.c:9:
[platform:WARNING] rpython_rlib_rstruct_nativefmttable.c: In function 'pypy_g_unpack_double__pypy_module_struct_formatiterator':
[platform:WARNING] /pypy-sandbox/src/pypy/rpython/translator/c/src/support.h:57:17: warning: the address of 'pypy_g_array_8744' will always evaluate as 'true' [-Waddress]
[platform:WARNING]       ((RPyCHECK((array) && (index) >= 0), (array))[index])
[platform:WARNING]                  ^
[platform:WARNING] /pypy-sandbox/src/pypy/rpython/translator/c/src/support.h:46:35: note: in definition of macro 'RPyCHECK'
[platform:WARNING]  #  define RPyCHECK(x)           ((x)?(void)0:RPyAbort())
[platform:WARNING]                                    ^
[platform:WARNING] rpython_rlib_rstruct_nativefmttable.c:96:15: note: in expansion of macro 'RPyBareItem'
[platform:WARNING]   l_v1054032 = RPyBareItem(pypy_g_array_8744, 0L);
[platform:WARNING]                ^
[platform:WARNING] rpython_rlib_rstruct_nativefmttable.c: In function 'pypy_g_unpack_float__pypy_module_struct_formatiterator_':
[platform:WARNING] /pypy-sandbox/src/pypy/rpython/translator/c/src/support.h:57:17: warning: the address of 'pypy_g_array_8745' will always evaluate as 'true' [-Waddress]
[platform:WARNING]       ((RPyCHECK((array) && (index) >= 0), (array))[index])
[platform:WARNING]                  ^
[platform:WARNING] /pypy-sandbox/src/pypy/rpython/translator/c/src/support.h:46:35: note: in definition of macro 'RPyCHECK'
[platform:WARNING]  #  define RPyCHECK(x)           ((x)?(void)0:RPyAbort())
[platform:WARNING]                                    ^
[platform:WARNING] rpython_rlib_rstruct_nativefmttable.c:344:15: note: in expansion of macro 'RPyBareItem'
[platform:WARNING]   l_v1054163 = RPyBareItem(pypy_g_array_8745, 0L);
[platform:WARNING]                ^
[platform:WARNING] In file included from /pypy-sandbox/src/pypy/rpython/translator/c/src/g_include.h:11:0,
[platform:WARNING]                  from rpython_rlib_rurandom.c:9:
[platform:WARNING] rpython_rlib_rurandom.c: In function 'pypy_g_urandom':
[platform:WARNING] /pypy-sandbox/src/pypy/rpython/translator/c/src/support.h:57:17: warning: the address of 'pypy_g_array_6848' will always evaluate as 'true' [-Waddress]
[platform:WARNING]       ((RPyCHECK((array) && (index) >= 0), (array))[index])
[platform:WARNING]                  ^
[platform:WARNING] /pypy-sandbox/src/pypy/rpython/translator/c/src/support.h:46:35: note: in definition of macro 'RPyCHECK'
[platform:WARNING]  #  define RPyCHECK(x)           ((x)?(void)0:RPyAbort())
[platform:WARNING]                                    ^
[platform:WARNING] rpython_rlib_rurandom.c:43:15: note: in expansion of macro 'RPyBareItem'
[platform:WARNING]   l_v1074285 = RPyBareItem(pypy_g_array_6848, 0L);
[platform:WARNING]                ^
[platform:WARNING] /pypy-sandbox/src/pypy/rpython/translator/c/src/support.h:57:17: warning: the address of 'pypy_g_array_6848' will always evaluate as 'true' [-Waddress]
[platform:WARNING]       ((RPyCHECK((array) && (index) >= 0), (array))[index])
[platform:WARNING]                  ^
[platform:WARNING] /pypy-sandbox/src/pypy/rpython/translator/c/src/support.h:46:35: note: in definition of macro 'RPyCHECK'
[platform:WARNING]  #  define RPyCHECK(x)           ((x)?(void)0:RPyAbort())
[platform:WARNING]                                    ^
[platform:WARNING] rpython_rlib_rurandom.c:62:2: note: in expansion of macro 'RPyBareItem'
[platform:WARNING]   RPyBareItem(pypy_g_array_6848, 0L) = l_v1074282;
[platform:WARNING]   ^
[platform:WARNING] /pypy-sandbox/src/pypy/rpython/translator/c/src/support.h:57:17: warning: the address of 'pypy_g_array_6848' will always evaluate as 'true' [-Waddress]
[platform:WARNING]       ((RPyCHECK((array) && (index) >= 0), (array))[index])
[platform:WARNING]                  ^
[platform:WARNING] /pypy-sandbox/src/pypy/rpython/translator/c/src/support.h:46:35: note: in definition of macro 'RPyCHECK'
[platform:WARNING]  #  define RPyCHECK(x)           ((x)?(void)0:RPyAbort())
[platform:WARNING]                                    ^
[platform:WARNING] rpython_rlib_rurandom.c:82:15: note: in expansion of macro 'RPyBareItem'
[platform:WARNING]   l_v1074278 = RPyBareItem(pypy_g_array_6848, 0L);
[platform:WARNING]                ^
[platform:WARNING] rpython_rtyper_lltypesystem_rffi.c: In function 'pypy_g_frexp__Float_arrayPtr_star_2':
[platform:WARNING] rpython_rtyper_lltypesystem_rffi.c:2102:2: warning: passing argument 2 of 'frexp' from incompatible pointer type [enabled by default]
[platform:WARNING]   l_v1103575 = frexp(l_stararg0_156, l_stararg1_81);
[platform:WARNING]   ^
[platform:WARNING] In file included from /usr/include/features.h:364:0,
[platform:WARNING]                  from /usr/include/pthread.h:21,
[platform:WARNING]                  from /pypy-sandbox/src/pypy/rpython/translator/c/src/threadlocal.h:14,
[platform:WARNING]                  from /pypy-sandbox/src/pypy/rpython/translator/c/src/stack.h:12,
[platform:WARNING]                  from common_header.h:40,
[platform:WARNING]                  from rpython_rtyper_lltypesystem_rffi.c:4:
[platform:WARNING] /usr/include/bits/mathcalls.h:103:1: note: expected 'int *' but argument is of type 'Signed *'
[platform:WARNING]  __MATHCALL (frexp,, (_Mdouble_ __x, int *__exponent));
[platform:WARNING]  ^
[platform:WARNING] rpython_rtyper_lltypesystem_rffi.c: In function 'pypy_g__PyPy_dg_dtoa__Float_Signed_Signed_arrayPtr_arra':
[platform:WARNING] rpython_rtyper_lltypesystem_rffi.c:2115:2: warning: passing argument 4 of '_PyPy_dg_dtoa' from incompatible pointer type [enabled by default]
[platform:WARNING]   l_v1103576 = _PyPy_dg_dtoa(l_stararg0_182, l_stararg1_90, l_stararg2_19, l_stararg3_8, l_stararg4_3, l_stararg5_2);
[platform:WARNING]   ^
[platform:WARNING] In file included from common_header.h:44:0,
[platform:WARNING]                  from rpython_rtyper_lltypesystem_rffi.c:4:
[platform:WARNING] /pypy-sandbox/src/pypy/rpython/translator/c/src/dtoa.h:4:8: note: expected 'int *' but argument is of type 'Signed *'
[platform:WARNING]  char * _PyPy_dg_dtoa(double d, int mode, int ndigits,
[platform:WARNING]         ^
[platform:WARNING] rpython_rtyper_lltypesystem_rffi.c:2115:2: warning: passing argument 5 of '_PyPy_dg_dtoa' from incompatible pointer type [enabled by default]
[platform:WARNING]   l_v1103576 = _PyPy_dg_dtoa(l_stararg0_182, l_stararg1_90, l_stararg2_19, l_stararg3_8, l_stararg4_3, l_stararg5_2);
[platform:WARNING]   ^
[platform:WARNING] In file included from common_header.h:44:0,
[platform:WARNING]                  from rpython_rtyper_lltypesystem_rffi.c:4:
[platform:WARNING] /pypy-sandbox/src/pypy/rpython/translator/c/src/dtoa.h:4:8: note: expected 'int *' but argument is of type 'Signed *'
[platform:WARNING]  char * _PyPy_dg_dtoa(double d, int mode, int ndigits,
[platform:WARNING]         ^
[translation:info] usession directory: /tmp/usession-default-5
[translation:info] created: /pypy-sandbox/src/pypy/pypy/goal/pypy-c
[f40cd] translation-task}
[Timer] Timings:
[Timer] annotate                       ---  5375.7 s
[Timer] rtype_lltype                   ---  2586.7 s
[Timer] backendopt_lltype              ---  1168.6 s
[Timer] stackcheckinsertion_lltype     ---   566.1 s
[Timer] database_c                     ---  1479.1 s
[Timer] source_c                       ---  1950.8 s
[Timer] compile_c                      ---  1405.8 s
[Timer] ============================================
[Timer] Total:                         --- 14532.9 s
